<?xml version="1.0" encoding="UTF-8"?>
<!-- Generated by org.testng.reporters.JUnitReportReporter -->
<testsuite hostname="zhanglanfang" name="testcase.PetRegTodolistCases" tests="1" failures="0" timestamp="22 Dec 2017 02:30:34 GMT" time="127.314" errors="0">
  <testcase name="test_PetRegister_qx_assign" time="127.314" classname="testcase.PetRegTodolistCases"/>
</testsuite> <!-- testcase.PetRegTodolistCases -->
