<?xml version="1.0" encoding="UTF-8"?>
<!-- Generated by org.testng.reporters.JUnitReportReporter -->
<testsuite hostname="zhanglanfang" name="testcase.PetitionRegisterCases" tests="4" failures="0" timestamp="21 Dec 2017 07:10:23 GMT" time="83.796" errors="0">
  <testcase name="test_petReg_input_all_fiels_success" time="23.380" classname="testcase.PetitionRegisterCases"/>
  <testcase name="test_petReg_upload_file_success" time="20.525" classname="testcase.PetitionRegisterCases"/>
  <testcase name="test_petReg_input_required_fiels_success" time="17.569" classname="testcase.PetitionRegisterCases"/>
  <testcase name="test_add_street_petReg_success" time="22.322" classname="testcase.PetitionRegisterCases"/>
</testsuite> <!-- testcase.PetitionRegisterCases -->
