<?xml version="1.0" encoding="UTF-8"?>
<!-- Generated by org.testng.reporters.JUnitReportReporter -->
<testsuite hostname="zhanglanfang" name="testcase.DCTodolistCases" tests="1" failures="0" timestamp="26 Dec 2017 10:26:49 GMT" time="94.215" errors="0">
  <testcase name="test_DC_assign_jd_receive_operate" time="94.215" classname="testcase.DCTodolistCases"/>
</testsuite> <!-- testcase.DCTodolistCases -->
