<?xml version="1.0" encoding="UTF-8"?>
<!-- Generated by org.testng.reporters.JUnitReportReporter -->
<testsuite hostname="zhanglanfang" name="testcase.DCDonelistCases" tests="1" failures="0" timestamp="27 Dec 2017 05:44:46 GMT" time="82.472" errors="0">
  <testcase name="test_add_DC_CSR" time="82.472" classname="testcase.DCDonelistCases"/>
</testsuite> <!-- testcase.DCDonelistCases -->
