<?xml version="1.0" encoding="UTF-8"?>
<!-- Generated by org.testng.reporters.JUnitReportReporter -->
<testsuite hostname="zhanglanfang" name="testcase.FdcqdzCases" tests="1" failures="0" timestamp="28 Aug 2017 10:05:57 GMT" time="121.312" errors="0">
  <testcase name="test_scdj_success" time="121.312" classname="testcase.FdcqdzCases"/>
</testsuite> <!-- testcase.FdcqdzCases -->
