<?xml version="1.0" encoding="UTF-8"?>
<!-- Generated by org.testng.reporters.JUnitReportReporter -->
<testsuite hostname="zhanglanfang" name="testcase.LoginCases" tests="2" failures="0" timestamp="6 Sep 2017 10:35:39 GMT" time="20.521" errors="0">
  <testcase name="test_S_login_success" time="9.445" classname="testcase.LoginCases"/>
  <testcase name="test_X_login_success" time="11.076" classname="testcase.LoginCases"/>
</testsuite> <!-- testcase.LoginCases -->
