<?xml version="1.0" encoding="UTF-8"?>
<!-- Generated by org.testng.reporters.JUnitReportReporter -->
<testsuite hostname="zhanglanfang" name="testcase.PetRegDonelistCases" tests="2" failures="0" timestamp="22 Dec 2017 02:55:41 GMT" time="91.025" errors="0">
  <testcase name="test_add_DC_info" time="47.057" classname="testcase.PetRegDonelistCases"/>
  <testcase name="test_add_CSR" time="43.968" classname="testcase.PetRegDonelistCases"/>
</testsuite> <!-- testcase.PetRegDonelistCases -->
